<?xml version="1.0" encoding="UTF-8"?>
<!-- Generated by org.testng.reporters.JUnitXMLReporter -->
<testsuite hostname="ASDP1726PO02529" ignored="0" tests="6" failures="3" timestamp="29 Jun 2017 09:28:40 GMT" time="0.131" errors="0">
  <testcase name="adding_a_player" time="0.02" classname="TestBoard"/>
  <testcase name="adding_new_player_should_throw_MaxPlayersReachedExeption" time="0.014" classname="TestBoard">
    <failure type="com.qainfotech.tap.training.snl.api.MaxPlayersReachedExeption" message="The board already has maximum allowed Player: 4">
      <![CDATA[com.qainfotech.tap.training.snl.api.MaxPlayersReachedExeption: The board already has maximum allowed Player: 4
	at com.qainfotech.tap.training.snl.api.Board.registerPlayer(Board.java:71)
	at TestBoard.adding_new_player_should_throw_MaxPlayersReachedExeption(TestBoard.java:53)
... Removed 35 stack frames]]>
    </failure>
  </testcase> <!-- adding_new_player_should_throw_MaxPlayersReachedExeption -->
  <testcase name="adding_new_player_should_throw_a_PlayerExistsExcetion" time="0.001" classname="TestBoard">
    <failure type="com.qainfotech.tap.training.snl.api.MaxPlayersReachedExeption" message="The board already has maximum allowed Player: 4">
      <![CDATA[com.qainfotech.tap.training.snl.api.MaxPlayersReachedExeption: The board already has maximum allowed Player: 4
	at com.qainfotech.tap.training.snl.api.Board.registerPlayer(Board.java:71)
	at TestBoard.adding_new_player_should_throw_a_PlayerExistsExcetion(TestBoard.java:43)
... Removed 35 stack frames]]>
    </failure>
  </testcase> <!-- adding_new_player_should_throw_a_PlayerExistsExcetion -->
  <testcase name="deleting_the_player_removes_player" time="0.005" classname="TestBoard"/>
  <testcase name="deleting_the_player_throws_NoUserWithSuchUUIDException" time="0.0" classname="TestBoard">
    <failure type="com.qainfotech.tap.training.snl.api.NoUserWithSuchUUIDException" message="No Player with uuid &amp;apos;f55e00e6-1737-4a8a-a51c-57a05a9a5cc1&amp;apos; on board">
      <![CDATA[com.qainfotech.tap.training.snl.api.NoUserWithSuchUUIDException: No Player with uuid 'f55e00e6-1737-4a8a-a51c-57a05a9a5cc1' on board
	at com.qainfotech.tap.training.snl.api.Board.deletePlayer(Board.java:116)
	at TestBoard.deleting_the_player_throws_NoUserWithSuchUUIDException(TestBoard.java:69)
... Removed 35 stack frames]]>
    </failure>
  </testcase> <!-- deleting_the_player_throws_NoUserWithSuchUUIDException -->
  <testcase name="f" time="0.0" classname="TestBoardModel"/>
</testsuite>
